<?xml version="1.0" encoding="UTF-8"?>
<testsuite name="SILab2Test" tests="1" skipped="0" failures="0" errors="0" timestamp="2023-05-28T10:31:41" hostname="DESKTOP-FI3R9ST" time="0.017">
  <properties/>
  <testcase name="functionEveryBranchTest()" classname="SILab2Test" time="0.017"/>
  <system-out><![CDATA[]]></system-out>
  <system-err><![CDATA[]]></system-err>
</testsuite>
